<?xml version="1.0" encoding="UTF-8"?>
<testng-results ignored="0" total="1" passed="1" failed="0" skipped="0">
  <reporter-output>
  </reporter-output>
  <suite started-at="2021-11-10T19:15:09 IST" name="Default suite" finished-at="2021-11-10T19:15:09 IST" duration-ms="58">
    <groups>
    </groups>
    <test started-at="2021-11-10T19:15:09 IST" name="Default test" finished-at="2021-11-10T19:15:09 IST" duration-ms="58">
      <class name="Maven.ReadDataFromCmd">
        <test-method signature="readData()[pri:0, instance:Maven.ReadDataFromCmd@56a6d5a6]" started-at="2021-11-10T19:15:09 IST" name="readData" finished-at="2021-11-10T19:15:09 IST" duration-ms="11" status="PASS">
          <reporter-output>
          </reporter-output>
        </test-method> <!-- readData -->
      </class> <!-- Maven.ReadDataFromCmd -->
    </test> <!-- Default test -->
  </suite> <!-- Default suite -->
</testng-results>
