<?xml version="1.0" encoding="UTF-8"?>
<testng-results ignored="0" total="1" passed="1" failed="0" skipped="0">
  <reporter-output>
  </reporter-output>
  <suite started-at="2021-11-12T00:24:33 IST" name="Default suite" finished-at="2021-11-12T00:24:33 IST" duration-ms="61">
    <groups>
    </groups>
    <test started-at="2021-11-12T00:24:33 IST" name="Default test" finished-at="2021-11-12T00:24:33 IST" duration-ms="61">
      <class name="githubpractics.Demo2">
        <test-method signature="demo2()[pri:0, instance:githubpractics.Demo2@7671cb68]" started-at="2021-11-12T00:24:33 IST" name="demo2" finished-at="2021-11-12T00:24:33 IST" duration-ms="11" status="PASS">
          <reporter-output>
          </reporter-output>
        </test-method> <!-- demo2 -->
      </class> <!-- githubpractics.Demo2 -->
    </test> <!-- Default test -->
  </suite> <!-- Default suite -->
</testng-results>
